<?xml version="1.0" encoding="UTF-8"?>
<!-- Generated by org.testng.reporters.JUnitXMLReporter -->
<testsuite ignored="0" hostname="DESKTOP-AUUJL9B" failures="0" tests="12" name="Free CRM App Test Cases" time="163.845" errors="0" timestamp="13 Oct 2021 10:58:29 GMT">
  <testcase classname="com.crm.qa.testcases.LoginPageTest" name="titleTest" time="0.029"/>
  <testcase classname="com.crm.qa.testcases.HomePageTest" name="verifyHomePageTitleTest" time="0.008"/>
  <testcase classname="com.crm.qa.testcases.ContactsPageTest" name="verifyContactsPageLabelTest" time="1.181"/>
  <testcase classname="com.crm.qa.testcases.LoginPageTest" name="crmLogoTest" time="0.077"/>
  <testcase classname="com.crm.qa.testcases.HomePageTest" name="verifyUserNameExistTest" time="0.091"/>
  <testcase classname="com.crm.qa.testcases.ContactsPageTest" name="selectContactsTest" time="4.208"/>
  <testcase classname="com.crm.qa.testcases.LoginPageTest" name="loginTest" time="6.387"/>
  <testcase classname="com.crm.qa.testcases.HomePageTest" name="verifyContactsLinkTest" time="1.247"/>
  <testcase classname="com.crm.qa.testcases.ContactsPageTest" name="selectMultipleContactsTest" time="3.274"/>
  <testcase classname="com.crm.qa.testcases.ContactsPageTest" name="validateCreateNewContactTest" time="3.56"/>
  <testcase classname="com.crm.qa.testcases.ContactsPageTest" name="validateCreateNewContactTest" time="3.636"/>
  <testcase classname="com.crm.qa.testcases.ContactsPageTest" name="validateCreateNewContactTest" time="3.496"/>
</testsuite> <!-- Free CRM App Test Cases -->
