<?xml version="1.0" encoding="UTF-8"?>
<testsuite xmlns:xsi="http://www.w3.org/2001/XMLSchema-instance" xsi:noNamespaceSchemaLocation="https://maven.apache.org/surefire/maven-surefire-plugin/xsd/surefire-test-report-3.0.xsd" version="3.0" name="TestSuite" time="164.459" tests="12" errors="0" skipped="0" failures="0">
  <properties>
[...]
</properties>
  <testcase name="titleTest" classname="com.crm.qa.testcases.LoginPageTest" time="0.008">
    <system-out><![CDATA[Before navigating to: 'https://classic.crmpro.com/'
Navigated to:'https://classic.crmpro.com/'
]]></system-out>
    <system-err><![CDATA[SLF4J: Failed to load class "org.slf4j.impl.StaticLoggerBinder".
SLF4J: Defaulting to no-operation (NOP) logger implementation
SLF4J: See http://www.slf4j.org/codes.html#StaticLoggerBinder for further details.
Starting ChromeDriver 94.0.4606.61 (418b78f5838ed0b1c69bb4e51ea0252171854915-refs/branch-heads/4606@{#1204}) on port 7090
Only local connections are allowed.
Please see https://chromedriver.chromium.org/security-considerations for suggestions on keeping ChromeDriver safe.
ChromeDriver was started successfully.
Oct 13, 2021 6:55:48 PM org.openqa.selenium.remote.ProtocolHandshake createSession
INFO: Detected dialect: W3C
]]></system-err>
  </testcase>
  <testcase name="crmLogoTest" classname="com.crm.qa.testcases.LoginPageTest" time="0.072">
    <system-out><![CDATA[Before navigating to: 'https://classic.crmpro.com/'
Navigated to:'https://classic.crmpro.com/'
Trying to find Element By : By.xpath: (//img[@class='img-responsive'])[1]
Found Element By : By.xpath: (//img[@class='img-responsive'])[1]
]]></system-out>
    <system-err><![CDATA[Starting ChromeDriver 94.0.4606.61 (418b78f5838ed0b1c69bb4e51ea0252171854915-refs/branch-heads/4606@{#1204}) on port 46600
Only local connections are allowed.
Please see https://chromedriver.chromium.org/security-considerations for suggestions on keeping ChromeDriver safe.
ChromeDriver was started successfully.
Oct 13, 2021 6:56:21 PM org.openqa.selenium.remote.ProtocolHandshake createSession
INFO: Detected dialect: W3C
]]></system-err>
  </testcase>
  <testcase name="loginTest" classname="com.crm.qa.testcases.LoginPageTest" time="6.378">
    <system-out><![CDATA[Before navigating to: 'https://classic.crmpro.com/'
Navigated to:'https://classic.crmpro.com/'
Trying to find Element By : By.name: username
Found Element By : By.name: username
Trying to find Element By : By.name: password
Found Element By : By.name: password
Trying to find Element By : By.xpath: //input[@type='submit']
Found Element By : By.xpath: //input[@type='submit']
Trying to click on: [[ChromeDriver: chrome on WINDOWS (c4078cafe8e702261d3f98fcc47a23be)] -> xpath: //input[@type='submit']]
Clicked on: [[ChromeDriver: chrome on WINDOWS (c4078cafe8e702261d3f98fcc47a23be)] -> xpath: //input[@type='submit']]
]]></system-out>
    <system-err><![CDATA[Starting ChromeDriver 94.0.4606.61 (418b78f5838ed0b1c69bb4e51ea0252171854915-refs/branch-heads/4606@{#1204}) on port 14996
Only local connections are allowed.
Please see https://chromedriver.chromium.org/security-considerations for suggestions on keeping ChromeDriver safe.
ChromeDriver was started successfully.
Oct 13, 2021 6:56:58 PM org.openqa.selenium.remote.ProtocolHandshake createSession
INFO: Detected dialect: W3C
]]></system-err>
  </testcase>
  <testcase name="verifyHomePageTitleTest" classname="com.crm.qa.testcases.HomePageTest" time="0">
    <system-out><![CDATA[Before navigating to: 'https://classic.crmpro.com/'
Navigated to:'https://classic.crmpro.com/'
Trying to find Element By : By.name: username
Found Element By : By.name: username
Trying to find Element By : By.name: password
Found Element By : By.name: password
Trying to find Element By : By.xpath: //input[@type='submit']
Found Element By : By.xpath: //input[@type='submit']
Trying to click on: [[ChromeDriver: chrome on WINDOWS (5e83213ae569a753dde4ed995c82b235)] -> xpath: //input[@type='submit']]
Clicked on: [[ChromeDriver: chrome on WINDOWS (5e83213ae569a753dde4ed995c82b235)] -> xpath: //input[@type='submit']]
]]></system-out>
    <system-err><![CDATA[Starting ChromeDriver 94.0.4606.61 (418b78f5838ed0b1c69bb4e51ea0252171854915-refs/branch-heads/4606@{#1204}) on port 37506
Only local connections are allowed.
Please see https://chromedriver.chromium.org/security-considerations for suggestions on keeping ChromeDriver safe.
ChromeDriver was started successfully.
Oct 13, 2021 6:55:55 PM org.openqa.selenium.remote.ProtocolHandshake createSession
INFO: Detected dialect: W3C
]]></system-err>
  </testcase>
  <testcase name="verifyUserNameExistTest" classname="com.crm.qa.testcases.HomePageTest" time="0.09">
    <system-out><![CDATA[Before navigating to: 'https://classic.crmpro.com/'
Navigated to:'https://classic.crmpro.com/'
Trying to find Element By : By.name: username
Found Element By : By.name: username
Trying to find Element By : By.name: password
Found Element By : By.name: password
Trying to find Element By : By.xpath: //input[@type='submit']
Found Element By : By.xpath: //input[@type='submit']
Trying to click on: [[ChromeDriver: chrome on WINDOWS (d91de735655ce358c95c2fb682425076)] -> xpath: //input[@type='submit']]
Clicked on: [[ChromeDriver: chrome on WINDOWS (d91de735655ce358c95c2fb682425076)] -> xpath: //input[@type='submit']]
Trying to find Element By : By.xpath: //td[contains(text(),'User: Gaurav Singh')]
Found Element By : By.xpath: //td[contains(text(),'User: Gaurav Singh')]
]]></system-out>
    <system-err><![CDATA[Starting ChromeDriver 94.0.4606.61 (418b78f5838ed0b1c69bb4e51ea0252171854915-refs/branch-heads/4606@{#1204}) on port 34346
Only local connections are allowed.
Please see https://chromedriver.chromium.org/security-considerations for suggestions on keeping ChromeDriver safe.
ChromeDriver was started successfully.
Oct 13, 2021 6:56:28 PM org.openqa.selenium.remote.ProtocolHandshake createSession
INFO: Detected dialect: W3C
]]></system-err>
  </testcase>
  <testcase name="verifyContactsLinkTest" classname="com.crm.qa.testcases.HomePageTest" time="1.244">
    <system-out><![CDATA[Before navigating to: 'https://classic.crmpro.com/'
Navigated to:'https://classic.crmpro.com/'
Trying to find Element By : By.name: username
Found Element By : By.name: username
Trying to find Element By : By.name: password
Found Element By : By.name: password
Trying to find Element By : By.xpath: //input[@type='submit']
Found Element By : By.xpath: //input[@type='submit']
Trying to click on: [[ChromeDriver: chrome on WINDOWS (bdefe973721a33458b9e8c4b6e432cab)] -> xpath: //input[@type='submit']]
Clicked on: [[ChromeDriver: chrome on WINDOWS (bdefe973721a33458b9e8c4b6e432cab)] -> xpath: //input[@type='submit']]
Trying to find Element By : By.xpath: //a[contains(text(),'Contacts')]
Found Element By : By.xpath: //a[contains(text(),'Contacts')]
Trying to click on: [[ChromeDriver: chrome on WINDOWS (bdefe973721a33458b9e8c4b6e432cab)] -> xpath: //a[contains(text(),'Contacts')]]
Clicked on: [[ChromeDriver: chrome on WINDOWS (bdefe973721a33458b9e8c4b6e432cab)] -> xpath: //a[contains(text(),'Contacts')]]
]]></system-out>
    <system-err><![CDATA[Starting ChromeDriver 94.0.4606.61 (418b78f5838ed0b1c69bb4e51ea0252171854915-refs/branch-heads/4606@{#1204}) on port 31262
Only local connections are allowed.
Please see https://chromedriver.chromium.org/security-considerations for suggestions on keeping ChromeDriver safe.
ChromeDriver was started successfully.
Oct 13, 2021 6:57:11 PM org.openqa.selenium.remote.ProtocolHandshake createSession
INFO: Detected dialect: W3C
]]></system-err>
  </testcase>
  <testcase name="verifyContactsPageLabelTest" classname="com.crm.qa.testcases.ContactsPageTest" time="1.171">
    <system-out><![CDATA[Before navigating to: 'https://classic.crmpro.com/'
Navigated to:'https://classic.crmpro.com/'
Trying to find Element By : By.name: username
Found Element By : By.name: username
Trying to find Element By : By.name: password
Found Element By : By.name: password
Trying to find Element By : By.xpath: //input[@type='submit']
Found Element By : By.xpath: //input[@type='submit']
Trying to click on: [[ChromeDriver: chrome on WINDOWS (877f8ecbb5b04452917fa390e09b3357)] -> xpath: //input[@type='submit']]
Clicked on: [[ChromeDriver: chrome on WINDOWS (877f8ecbb5b04452917fa390e09b3357)] -> xpath: //input[@type='submit']]
Trying to find Element By : By.xpath: //a[contains(text(),'Contacts')]
Found Element By : By.xpath: //a[contains(text(),'Contacts')]
Trying to click on: [[ChromeDriver: chrome on WINDOWS (877f8ecbb5b04452917fa390e09b3357)] -> xpath: //a[contains(text(),'Contacts')]]
Clicked on: [[ChromeDriver: chrome on WINDOWS (877f8ecbb5b04452917fa390e09b3357)] -> xpath: //a[contains(text(),'Contacts')]]
Trying to find Element By : By.xpath: //td[contains(text(),'Contacts')]
Found Element By : By.xpath: //td[contains(text(),'Contacts')]
]]></system-out>
    <system-err><![CDATA[Starting ChromeDriver 94.0.4606.61 (418b78f5838ed0b1c69bb4e51ea0252171854915-refs/branch-heads/4606@{#1204}) on port 41073
Only local connections are allowed.
Please see https://chromedriver.chromium.org/security-considerations for suggestions on keeping ChromeDriver safe.
ChromeDriver was started successfully.
Oct 13, 2021 6:56:07 PM org.openqa.selenium.remote.ProtocolHandshake createSession
INFO: Detected dialect: W3C
]]></system-err>
  </testcase>
  <testcase name="selectContactsTest" classname="com.crm.qa.testcases.ContactsPageTest" time="4.204">
    <system-out><![CDATA[Before navigating to: 'https://classic.crmpro.com/'
Navigated to:'https://classic.crmpro.com/'
Trying to find Element By : By.name: username
Found Element By : By.name: username
Trying to find Element By : By.name: password
Found Element By : By.name: password
Trying to find Element By : By.xpath: //input[@type='submit']
Found Element By : By.xpath: //input[@type='submit']
Trying to click on: [[ChromeDriver: chrome on WINDOWS (5940b57c9d13474cceda45e822058367)] -> xpath: //input[@type='submit']]
Clicked on: [[ChromeDriver: chrome on WINDOWS (5940b57c9d13474cceda45e822058367)] -> xpath: //input[@type='submit']]
Trying to find Element By : By.xpath: //a[contains(text(),'Contacts')]
Found Element By : By.xpath: //a[contains(text(),'Contacts')]
Trying to click on: [[ChromeDriver: chrome on WINDOWS (5940b57c9d13474cceda45e822058367)] -> xpath: //a[contains(text(),'Contacts')]]
Clicked on: [[ChromeDriver: chrome on WINDOWS (5940b57c9d13474cceda45e822058367)] -> xpath: //a[contains(text(),'Contacts')]]
Trying to find Element By : By.xpath: //a[text()='Test2 Test2']//parent::td[@class='datalistrow']//preceding-sibling::td//input
Found Element By : By.xpath: //a[text()='Test2 Test2']//parent::td[@class='datalistrow']//preceding-sibling::td//input
Trying to click on: [[ChromeDriver: chrome on WINDOWS (5940b57c9d13474cceda45e822058367)] -> xpath: //a[text()='Test2 Test2']//parent::td[@class='datalistrow']//preceding-sibling::td//input]
Clicked on: [[ChromeDriver: chrome on WINDOWS (5940b57c9d13474cceda45e822058367)] -> xpath: //a[text()='Test2 Test2']//parent::td[@class='datalistrow']//preceding-sibling::td//input]
]]></system-out>
    <system-err><![CDATA[Starting ChromeDriver 94.0.4606.61 (418b78f5838ed0b1c69bb4e51ea0252171854915-refs/branch-heads/4606@{#1204}) on port 20059
Only local connections are allowed.
Please see https://chromedriver.chromium.org/security-considerations for suggestions on keeping ChromeDriver safe.
ChromeDriver was started successfully.
Oct 13, 2021 6:56:40 PM org.openqa.selenium.remote.ProtocolHandshake createSession
INFO: Detected dialect: W3C
]]></system-err>
  </testcase>
  <testcase name="selectMultipleContactsTest" classname="com.crm.qa.testcases.ContactsPageTest" time="3.272">
    <system-out><![CDATA[Before navigating to: 'https://classic.crmpro.com/'
Navigated to:'https://classic.crmpro.com/'
Trying to find Element By : By.name: username
Found Element By : By.name: username
Trying to find Element By : By.name: password
Found Element By : By.name: password
Trying to find Element By : By.xpath: //input[@type='submit']
Found Element By : By.xpath: //input[@type='submit']
Trying to click on: [[ChromeDriver: chrome on WINDOWS (06bb226cca8fbef7caa33e250ae6f4bf)] -> xpath: //input[@type='submit']]
Clicked on: [[ChromeDriver: chrome on WINDOWS (06bb226cca8fbef7caa33e250ae6f4bf)] -> xpath: //input[@type='submit']]
Trying to find Element By : By.xpath: //a[contains(text(),'Contacts')]
Found Element By : By.xpath: //a[contains(text(),'Contacts')]
Trying to click on: [[ChromeDriver: chrome on WINDOWS (06bb226cca8fbef7caa33e250ae6f4bf)] -> xpath: //a[contains(text(),'Contacts')]]
Clicked on: [[ChromeDriver: chrome on WINDOWS (06bb226cca8fbef7caa33e250ae6f4bf)] -> xpath: //a[contains(text(),'Contacts')]]
Trying to find Element By : By.xpath: //a[text()='Ui Ui']//parent::td[@class='datalistrow']//preceding-sibling::td//input
Found Element By : By.xpath: //a[text()='Ui Ui']//parent::td[@class='datalistrow']//preceding-sibling::td//input
Trying to click on: [[ChromeDriver: chrome on WINDOWS (06bb226cca8fbef7caa33e250ae6f4bf)] -> xpath: //a[text()='Ui Ui']//parent::td[@class='datalistrow']//preceding-sibling::td//input]
Clicked on: [[ChromeDriver: chrome on WINDOWS (06bb226cca8fbef7caa33e250ae6f4bf)] -> xpath: //a[text()='Ui Ui']//parent::td[@class='datalistrow']//preceding-sibling::td//input]
Trying to find Element By : By.xpath: //a[text()='Test2 Test2']//parent::td[@class='datalistrow']//preceding-sibling::td//input
Found Element By : By.xpath: //a[text()='Test2 Test2']//parent::td[@class='datalistrow']//preceding-sibling::td//input
Trying to click on: [[ChromeDriver: chrome on WINDOWS (06bb226cca8fbef7caa33e250ae6f4bf)] -> xpath: //a[text()='Test2 Test2']//parent::td[@class='datalistrow']//preceding-sibling::td//input]
Clicked on: [[ChromeDriver: chrome on WINDOWS (06bb226cca8fbef7caa33e250ae6f4bf)] -> xpath: //a[text()='Test2 Test2']//parent::td[@class='datalistrow']//preceding-sibling::td//input]
]]></system-out>
    <system-err><![CDATA[Starting ChromeDriver 94.0.4606.61 (418b78f5838ed0b1c69bb4e51ea0252171854915-refs/branch-heads/4606@{#1204}) on port 39930
Only local connections are allowed.
Please see https://chromedriver.chromium.org/security-considerations for suggestions on keeping ChromeDriver safe.
ChromeDriver was started successfully.
Oct 13, 2021 6:57:25 PM org.openqa.selenium.remote.ProtocolHandshake createSession
INFO: Detected dialect: W3C
]]></system-err>
  </testcase>
  <testcase name="validateCreateNewContactTest[Mr., Marry, John, Google](1)" classname="com.crm.qa.testcases.ContactsPageTest" time="3.56">
    <system-out><![CDATA[Sheet path D:\Gaurav\eclipse-workspace\SampleTestFrameworkGPS\src\main\java\com\crm\qa\testData\FreeCRMTestData.xlsx
Before navigating to: 'https://classic.crmpro.com/'
Navigated to:'https://classic.crmpro.com/'
Trying to find Element By : By.name: username
Found Element By : By.name: username
Trying to find Element By : By.name: password
Found Element By : By.name: password
Trying to find Element By : By.xpath: //input[@type='submit']
Found Element By : By.xpath: //input[@type='submit']
Trying to click on: [[ChromeDriver: chrome on WINDOWS (efb3256b850167a3bb6c0f1c90861ab7)] -> xpath: //input[@type='submit']]
Clicked on: [[ChromeDriver: chrome on WINDOWS (efb3256b850167a3bb6c0f1c90861ab7)] -> xpath: //input[@type='submit']]
Trying to find Element By : By.xpath: //a[contains(text(),'Contacts')]
Found Element By : By.xpath: //a[contains(text(),'Contacts')]
Trying to find Element By : By.xpath: //a[@title='New Contact']
Found Element By : By.xpath: //a[@title='New Contact']
Trying to click on: [[ChromeDriver: chrome on WINDOWS (efb3256b850167a3bb6c0f1c90861ab7)] -> xpath: //a[@title='New Contact']]
Clicked on: [[ChromeDriver: chrome on WINDOWS (efb3256b850167a3bb6c0f1c90861ab7)] -> xpath: //a[@title='New Contact']]
Trying to find Element By : By.name: title
Found Element By : By.name: title
Trying to find Element By : By.name: title
Found Element By : By.name: title
Trying to find Element By : By.name: title
Found Element By : By.name: title
Trying to find Element By : By.xpath: .//option[normalize-space(.) = "Mr."]
Found Element By : By.xpath: .//option[normalize-space(.) = "Mr."]
Trying to click on: [[[[ChromeDriver: chrome on WINDOWS (efb3256b850167a3bb6c0f1c90861ab7)] -> name: title]] -> xpath: .//option[normalize-space(.) = "Mr."]]
Clicked on: [[[[ChromeDriver: chrome on WINDOWS (efb3256b850167a3bb6c0f1c90861ab7)] -> name: title]] -> xpath: .//option[normalize-space(.) = "Mr."]]
Trying to find Element By : By.id: first_name
Found Element By : By.id: first_name
Trying to find Element By : By.id: surname
Found Element By : By.id: surname
Trying to find Element By : By.name: client_lookup
Found Element By : By.name: client_lookup
Trying to find Element By : By.xpath: //input[@value='Load From Company']//following-sibling::input[@value='Save']
Found Element By : By.xpath: //input[@value='Load From Company']//following-sibling::input[@value='Save']
Trying to click on: [[ChromeDriver: chrome on WINDOWS (efb3256b850167a3bb6c0f1c90861ab7)] -> xpath: //input[@value='Load From Company']//following-sibling::input[@value='Save']]
Clicked on: [[ChromeDriver: chrome on WINDOWS (efb3256b850167a3bb6c0f1c90861ab7)] -> xpath: //input[@value='Load From Company']//following-sibling::input[@value='Save']]
]]></system-out>
    <system-err><![CDATA[Starting ChromeDriver 94.0.4606.61 (418b78f5838ed0b1c69bb4e51ea0252171854915-refs/branch-heads/4606@{#1204}) on port 33059
Only local connections are allowed.
Please see https://chromedriver.chromium.org/security-considerations for suggestions on keeping ChromeDriver safe.
ChromeDriver was started successfully.
Oct 13, 2021 6:57:41 PM org.openqa.selenium.remote.ProtocolHandshake createSession
INFO: Detected dialect: W3C
]]></system-err>
  </testcase>
  <testcase name="validateCreateNewContactTest[Dr., Peter, Parker, Marvel](2)" classname="com.crm.qa.testcases.ContactsPageTest" time="3.634">
    <system-out><![CDATA[Before navigating to: 'https://classic.crmpro.com/'
Navigated to:'https://classic.crmpro.com/'
Trying to find Element By : By.name: username
Found Element By : By.name: username
Trying to find Element By : By.name: password
Found Element By : By.name: password
Trying to find Element By : By.xpath: //input[@type='submit']
Found Element By : By.xpath: //input[@type='submit']
Trying to click on: [[ChromeDriver: chrome on WINDOWS (24f3503a7cd81de2283e38a4271f66f0)] -> xpath: //input[@type='submit']]
Clicked on: [[ChromeDriver: chrome on WINDOWS (24f3503a7cd81de2283e38a4271f66f0)] -> xpath: //input[@type='submit']]
Trying to find Element By : By.xpath: //a[contains(text(),'Contacts')]
Found Element By : By.xpath: //a[contains(text(),'Contacts')]
Trying to find Element By : By.xpath: //a[@title='New Contact']
Found Element By : By.xpath: //a[@title='New Contact']
Trying to click on: [[ChromeDriver: chrome on WINDOWS (24f3503a7cd81de2283e38a4271f66f0)] -> xpath: //a[@title='New Contact']]
Clicked on: [[ChromeDriver: chrome on WINDOWS (24f3503a7cd81de2283e38a4271f66f0)] -> xpath: //a[@title='New Contact']]
Trying to find Element By : By.name: title
Found Element By : By.name: title
Trying to find Element By : By.name: title
Found Element By : By.name: title
Trying to find Element By : By.name: title
Found Element By : By.name: title
Trying to find Element By : By.xpath: .//option[normalize-space(.) = "Dr."]
Found Element By : By.xpath: .//option[normalize-space(.) = "Dr."]
Trying to click on: [[[[ChromeDriver: chrome on WINDOWS (24f3503a7cd81de2283e38a4271f66f0)] -> name: title]] -> xpath: .//option[normalize-space(.) = "Dr."]]
Clicked on: [[[[ChromeDriver: chrome on WINDOWS (24f3503a7cd81de2283e38a4271f66f0)] -> name: title]] -> xpath: .//option[normalize-space(.) = "Dr."]]
Trying to find Element By : By.id: first_name
Found Element By : By.id: first_name
Trying to find Element By : By.id: surname
Found Element By : By.id: surname
Trying to find Element By : By.name: client_lookup
Found Element By : By.name: client_lookup
Trying to find Element By : By.xpath: //input[@value='Load From Company']//following-sibling::input[@value='Save']
Found Element By : By.xpath: //input[@value='Load From Company']//following-sibling::input[@value='Save']
Trying to click on: [[ChromeDriver: chrome on WINDOWS (24f3503a7cd81de2283e38a4271f66f0)] -> xpath: //input[@value='Load From Company']//following-sibling::input[@value='Save']]
Clicked on: [[ChromeDriver: chrome on WINDOWS (24f3503a7cd81de2283e38a4271f66f0)] -> xpath: //input[@value='Load From Company']//following-sibling::input[@value='Save']]
]]></system-out>
    <system-err><![CDATA[Starting ChromeDriver 94.0.4606.61 (418b78f5838ed0b1c69bb4e51ea0252171854915-refs/branch-heads/4606@{#1204}) on port 2244
Only local connections are allowed.
Please see https://chromedriver.chromium.org/security-considerations for suggestions on keeping ChromeDriver safe.
ChromeDriver was started successfully.
Oct 13, 2021 6:57:58 PM org.openqa.selenium.remote.ProtocolHandshake createSession
INFO: Detected dialect: W3C
]]></system-err>
  </testcase>
  <testcase name="validateCreateNewContactTest[Mrs., Anna, Mark, Microsoft](3)" classname="com.crm.qa.testcases.ContactsPageTest" time="3.494">
    <system-out><![CDATA[Before navigating to: 'https://classic.crmpro.com/'
Navigated to:'https://classic.crmpro.com/'
Trying to find Element By : By.name: username
Found Element By : By.name: username
Trying to find Element By : By.name: password
Found Element By : By.name: password
Trying to find Element By : By.xpath: //input[@type='submit']
Found Element By : By.xpath: //input[@type='submit']
Trying to click on: [[ChromeDriver: chrome on WINDOWS (bc20ce6277ab19e19e0377229f753f55)] -> xpath: //input[@type='submit']]
Clicked on: [[ChromeDriver: chrome on WINDOWS (bc20ce6277ab19e19e0377229f753f55)] -> xpath: //input[@type='submit']]
Trying to find Element By : By.xpath: //a[contains(text(),'Contacts')]
Found Element By : By.xpath: //a[contains(text(),'Contacts')]
Trying to find Element By : By.xpath: //a[@title='New Contact']
Found Element By : By.xpath: //a[@title='New Contact']
Trying to click on: [[ChromeDriver: chrome on WINDOWS (bc20ce6277ab19e19e0377229f753f55)] -> xpath: //a[@title='New Contact']]
Clicked on: [[ChromeDriver: chrome on WINDOWS (bc20ce6277ab19e19e0377229f753f55)] -> xpath: //a[@title='New Contact']]
Trying to find Element By : By.name: title
Found Element By : By.name: title
Trying to find Element By : By.name: title
Found Element By : By.name: title
Trying to find Element By : By.name: title
Found Element By : By.name: title
Trying to find Element By : By.xpath: .//option[normalize-space(.) = "Mrs."]
Found Element By : By.xpath: .//option[normalize-space(.) = "Mrs."]
Trying to click on: [[[[ChromeDriver: chrome on WINDOWS (bc20ce6277ab19e19e0377229f753f55)] -> name: title]] -> xpath: .//option[normalize-space(.) = "Mrs."]]
Clicked on: [[[[ChromeDriver: chrome on WINDOWS (bc20ce6277ab19e19e0377229f753f55)] -> name: title]] -> xpath: .//option[normalize-space(.) = "Mrs."]]
Trying to find Element By : By.id: first_name
Found Element By : By.id: first_name
Trying to find Element By : By.id: surname
Found Element By : By.id: surname
Trying to find Element By : By.name: client_lookup
Found Element By : By.name: client_lookup
Trying to find Element By : By.xpath: //input[@value='Load From Company']//following-sibling::input[@value='Save']
Found Element By : By.xpath: //input[@value='Load From Company']//following-sibling::input[@value='Save']
Trying to click on: [[ChromeDriver: chrome on WINDOWS (bc20ce6277ab19e19e0377229f753f55)] -> xpath: //input[@value='Load From Company']//following-sibling::input[@value='Save']]
Clicked on: [[ChromeDriver: chrome on WINDOWS (bc20ce6277ab19e19e0377229f753f55)] -> xpath: //input[@value='Load From Company']//following-sibling::input[@value='Save']]
]]></system-out>
    <system-err><![CDATA[Starting ChromeDriver 94.0.4606.61 (418b78f5838ed0b1c69bb4e51ea0252171854915-refs/branch-heads/4606@{#1204}) on port 38183
Only local connections are allowed.
Please see https://chromedriver.chromium.org/security-considerations for suggestions on keeping ChromeDriver safe.
ChromeDriver was started successfully.
Oct 13, 2021 6:58:14 PM org.openqa.selenium.remote.ProtocolHandshake createSession
INFO: Detected dialect: W3C
]]></system-err>
  </testcase>
</testsuite>