<?xml version="1.0" encoding="UTF-8"?>
<testng-results ignored="0" total="12" passed="12" failed="0" skipped="0">
  <reporter-output>
  </reporter-output>
  <suite started-at="2021-10-12T14:29:03Z" name="FREE CRM Application Test Automation suite" finished-at="2021-10-12T14:31:36Z" duration-ms="153166">
    <groups>
    </groups>
    <test started-at="2021-10-12T14:29:03Z" name="Free CRM App Test Cases" finished-at="2021-10-12T14:31:36Z" duration-ms="153166">
      <class name="com.crm.qa.testcases.HomePageTest">
        <test-method is-config="true" signature="setup()[pri:0, instance:com.crm.qa.testcases.HomePageTest@2b4bac49]" started-at="2021-10-12T14:29:10Z" name="setup" finished-at="2021-10-12T14:29:23Z" duration-ms="13009" status="PASS">
          <reporter-output>
          </reporter-output>
        </test-method> <!-- setup -->
        <test-method signature="verifyHomePageTitleTest()[pri:1, instance:com.crm.qa.testcases.HomePageTest@2b4bac49]" started-at="2021-10-12T14:29:23Z" name="verifyHomePageTitleTest" finished-at="2021-10-12T14:29:23Z" duration-ms="4" status="PASS">
          <reporter-output>
          </reporter-output>
        </test-method> <!-- verifyHomePageTitleTest -->
        <test-method is-config="true" signature="tearDown()[pri:0, instance:com.crm.qa.testcases.HomePageTest@2b4bac49]" started-at="2021-10-12T14:29:23Z" name="tearDown" finished-at="2021-10-12T14:29:23Z" duration-ms="614" status="PASS">
          <reporter-output>
          </reporter-output>
        </test-method> <!-- tearDown -->
        <test-method is-config="true" signature="setup()[pri:0, instance:com.crm.qa.testcases.HomePageTest@2b4bac49]" started-at="2021-10-12T14:29:44Z" name="setup" finished-at="2021-10-12T14:29:55Z" duration-ms="11380" status="PASS">
          <reporter-output>
          </reporter-output>
        </test-method> <!-- setup -->
        <test-method signature="verifyUserNameExistTest()[pri:2, instance:com.crm.qa.testcases.HomePageTest@2b4bac49]" started-at="2021-10-12T14:29:55Z" name="verifyUserNameExistTest" finished-at="2021-10-12T14:29:56Z" duration-ms="101" status="PASS">
          <reporter-output>
          </reporter-output>
        </test-method> <!-- verifyUserNameExistTest -->
        <test-method is-config="true" signature="tearDown()[pri:0, instance:com.crm.qa.testcases.HomePageTest@2b4bac49]" started-at="2021-10-12T14:29:56Z" name="tearDown" finished-at="2021-10-12T14:29:56Z" duration-ms="613" status="PASS">
          <reporter-output>
          </reporter-output>
        </test-method> <!-- tearDown -->
        <test-method is-config="true" signature="setup()[pri:0, instance:com.crm.qa.testcases.HomePageTest@2b4bac49]" started-at="2021-10-12T14:30:23Z" name="setup" finished-at="2021-10-12T14:30:34Z" duration-ms="11110" status="PASS">
          <reporter-output>
          </reporter-output>
        </test-method> <!-- setup -->
        <test-method signature="verifyContactsLinkTest()[pri:3, instance:com.crm.qa.testcases.HomePageTest@2b4bac49]" started-at="2021-10-12T14:30:34Z" name="verifyContactsLinkTest" finished-at="2021-10-12T14:30:35Z" duration-ms="1006" status="PASS">
          <reporter-output>
          </reporter-output>
        </test-method> <!-- verifyContactsLinkTest -->
        <test-method is-config="true" signature="tearDown()[pri:0, instance:com.crm.qa.testcases.HomePageTest@2b4bac49]" started-at="2021-10-12T14:30:35Z" name="tearDown" finished-at="2021-10-12T14:30:36Z" duration-ms="610" status="PASS">
          <reporter-output>
          </reporter-output>
        </test-method> <!-- tearDown -->
      </class> <!-- com.crm.qa.testcases.HomePageTest -->
      <class name="com.crm.qa.testcases.ContactsPageTest">
        <test-method is-config="true" signature="setup()[pri:0, instance:com.crm.qa.testcases.ContactsPageTest@fd07cbb]" started-at="2021-10-12T14:29:23Z" name="setup" finished-at="2021-10-12T14:29:36Z" duration-ms="12872" status="PASS">
          <reporter-output>
          </reporter-output>
        </test-method> <!-- setup -->
        <test-method signature="verifyContactsPageLabelTest()[pri:1, instance:com.crm.qa.testcases.ContactsPageTest@fd07cbb]" started-at="2021-10-12T14:29:36Z" name="verifyContactsPageLabelTest" finished-at="2021-10-12T14:29:37Z" duration-ms="1341" status="PASS">
          <reporter-output>
          </reporter-output>
        </test-method> <!-- verifyContactsPageLabelTest -->
        <test-method is-config="true" signature="tearDown()[pri:0, instance:com.crm.qa.testcases.ContactsPageTest@fd07cbb]" started-at="2021-10-12T14:29:37Z" name="tearDown" finished-at="2021-10-12T14:29:38Z" duration-ms="627" status="PASS">
          <reporter-output>
          </reporter-output>
        </test-method> <!-- tearDown -->
        <test-method is-config="true" signature="setup()[pri:0, instance:com.crm.qa.testcases.ContactsPageTest@fd07cbb]" started-at="2021-10-12T14:29:56Z" name="setup" finished-at="2021-10-12T14:30:07Z" duration-ms="10746" status="PASS">
          <reporter-output>
          </reporter-output>
        </test-method> <!-- setup -->
        <test-method signature="selectContactsTest()[pri:2, instance:com.crm.qa.testcases.ContactsPageTest@fd07cbb]" started-at="2021-10-12T14:30:07Z" name="selectContactsTest" finished-at="2021-10-12T14:30:11Z" duration-ms="4049" status="PASS">
          <reporter-output>
          </reporter-output>
        </test-method> <!-- selectContactsTest -->
        <test-method is-config="true" signature="tearDown()[pri:0, instance:com.crm.qa.testcases.ContactsPageTest@fd07cbb]" started-at="2021-10-12T14:30:11Z" name="tearDown" finished-at="2021-10-12T14:30:12Z" duration-ms="670" status="PASS">
          <reporter-output>
          </reporter-output>
        </test-method> <!-- tearDown -->
        <test-method is-config="true" signature="setup()[pri:0, instance:com.crm.qa.testcases.ContactsPageTest@fd07cbb]" started-at="2021-10-12T14:30:36Z" name="setup" finished-at="2021-10-12T14:30:47Z" duration-ms="11044" status="PASS">
          <reporter-output>
          </reporter-output>
        </test-method> <!-- setup -->
        <test-method signature="selectMultipleContactsTest()[pri:3, instance:com.crm.qa.testcases.ContactsPageTest@fd07cbb]" started-at="2021-10-12T14:30:47Z" name="selectMultipleContactsTest" finished-at="2021-10-12T14:30:50Z" duration-ms="3261" status="PASS">
          <reporter-output>
          </reporter-output>
        </test-method> <!-- selectMultipleContactsTest -->
        <test-method is-config="true" signature="tearDown()[pri:0, instance:com.crm.qa.testcases.ContactsPageTest@fd07cbb]" started-at="2021-10-12T14:30:50Z" name="tearDown" finished-at="2021-10-12T14:30:51Z" duration-ms="794" status="PASS">
          <reporter-output>
          </reporter-output>
        </test-method> <!-- tearDown -->
        <test-method is-config="true" signature="setup()[pri:0, instance:com.crm.qa.testcases.ContactsPageTest@fd07cbb]" started-at="2021-10-12T14:30:51Z" name="setup" finished-at="2021-10-12T14:31:02Z" duration-ms="11233" status="PASS">
          <reporter-output>
          </reporter-output>
        </test-method> <!-- setup -->
        <test-method signature="validateCreateNewContactTest(java.lang.String, java.lang.String, java.lang.String, java.lang.String)[pri:4, instance:com.crm.qa.testcases.ContactsPageTest@fd07cbb]" started-at="2021-10-12T14:31:02Z" name="validateCreateNewContactTest" data-provider="getNewContactsData" finished-at="2021-10-12T14:31:05Z" duration-ms="3063" status="PASS">
          <params>
            <param index="0">
              <value>
                <![CDATA[Mr.]]>
              </value>
            </param>
            <param index="1">
              <value>
                <![CDATA[Marry]]>
              </value>
            </param>
            <param index="2">
              <value>
                <![CDATA[John]]>
              </value>
            </param>
            <param index="3">
              <value>
                <![CDATA[Google]]>
              </value>
            </param>
          </params>
          <reporter-output>
          </reporter-output>
        </test-method> <!-- validateCreateNewContactTest -->
        <test-method is-config="true" signature="tearDown()[pri:0, instance:com.crm.qa.testcases.ContactsPageTest@fd07cbb]" started-at="2021-10-12T14:31:05Z" name="tearDown" finished-at="2021-10-12T14:31:06Z" duration-ms="685" status="PASS">
          <reporter-output>
          </reporter-output>
        </test-method> <!-- tearDown -->
        <test-method is-config="true" signature="setup()[pri:0, instance:com.crm.qa.testcases.ContactsPageTest@fd07cbb]" started-at="2021-10-12T14:31:06Z" name="setup" finished-at="2021-10-12T14:31:17Z" duration-ms="11335" status="PASS">
          <reporter-output>
          </reporter-output>
        </test-method> <!-- setup -->
        <test-method signature="validateCreateNewContactTest(java.lang.String, java.lang.String, java.lang.String, java.lang.String)[pri:4, instance:com.crm.qa.testcases.ContactsPageTest@fd07cbb]" started-at="2021-10-12T14:31:17Z" name="validateCreateNewContactTest" data-provider="getNewContactsData" finished-at="2021-10-12T14:31:20Z" duration-ms="2941" status="PASS">
          <params>
            <param index="0">
              <value>
                <![CDATA[Dr.]]>
              </value>
            </param>
            <param index="1">
              <value>
                <![CDATA[Peter]]>
              </value>
            </param>
            <param index="2">
              <value>
                <![CDATA[Parker]]>
              </value>
            </param>
            <param index="3">
              <value>
                <![CDATA[Marvel]]>
              </value>
            </param>
          </params>
          <reporter-output>
          </reporter-output>
        </test-method> <!-- validateCreateNewContactTest -->
        <test-method is-config="true" signature="tearDown()[pri:0, instance:com.crm.qa.testcases.ContactsPageTest@fd07cbb]" started-at="2021-10-12T14:31:20Z" name="tearDown" finished-at="2021-10-12T14:31:21Z" duration-ms="709" status="PASS">
          <reporter-output>
          </reporter-output>
        </test-method> <!-- tearDown -->
        <test-method is-config="true" signature="setup()[pri:0, instance:com.crm.qa.testcases.ContactsPageTest@fd07cbb]" started-at="2021-10-12T14:31:21Z" name="setup" finished-at="2021-10-12T14:31:32Z" duration-ms="11019" status="PASS">
          <reporter-output>
          </reporter-output>
        </test-method> <!-- setup -->
        <test-method signature="validateCreateNewContactTest(java.lang.String, java.lang.String, java.lang.String, java.lang.String)[pri:4, instance:com.crm.qa.testcases.ContactsPageTest@fd07cbb]" started-at="2021-10-12T14:31:32Z" name="validateCreateNewContactTest" data-provider="getNewContactsData" finished-at="2021-10-12T14:31:35Z" duration-ms="2917" status="PASS">
          <params>
            <param index="0">
              <value>
                <![CDATA[Mrs.]]>
              </value>
            </param>
            <param index="1">
              <value>
                <![CDATA[Anna]]>
              </value>
            </param>
            <param index="2">
              <value>
                <![CDATA[Mark]]>
              </value>
            </param>
            <param index="3">
              <value>
                <![CDATA[Microsoft]]>
              </value>
            </param>
          </params>
          <reporter-output>
          </reporter-output>
        </test-method> <!-- validateCreateNewContactTest -->
        <test-method is-config="true" signature="tearDown()[pri:0, instance:com.crm.qa.testcases.ContactsPageTest@fd07cbb]" started-at="2021-10-12T14:31:35Z" name="tearDown" finished-at="2021-10-12T14:31:36Z" duration-ms="1060" status="PASS">
          <reporter-output>
          </reporter-output>
        </test-method> <!-- tearDown -->
      </class> <!-- com.crm.qa.testcases.ContactsPageTest -->
      <class name="com.crm.qa.testcases.LoginPageTest">
        <test-method is-config="true" signature="setup()[pri:0, instance:com.crm.qa.testcases.LoginPageTest@3f56875e]" started-at="2021-10-12T14:29:03Z" name="setup" finished-at="2021-10-12T14:29:09Z" duration-ms="5948" status="PASS">
          <reporter-output>
          </reporter-output>
        </test-method> <!-- setup -->
        <test-method signature="titleTest()[pri:1, instance:com.crm.qa.testcases.LoginPageTest@3f56875e]" started-at="2021-10-12T14:29:09Z" name="titleTest" finished-at="2021-10-12T14:29:09Z" duration-ms="11" status="PASS">
          <reporter-output>
          </reporter-output>
        </test-method> <!-- titleTest -->
        <test-method is-config="true" signature="tearDown()[pri:0, instance:com.crm.qa.testcases.LoginPageTest@3f56875e]" started-at="2021-10-12T14:29:09Z" name="tearDown" finished-at="2021-10-12T14:29:10Z" duration-ms="608" status="PASS">
          <reporter-output>
          </reporter-output>
        </test-method> <!-- tearDown -->
        <test-method is-config="true" signature="setup()[pri:0, instance:com.crm.qa.testcases.LoginPageTest@3f56875e]" started-at="2021-10-12T14:29:38Z" name="setup" finished-at="2021-10-12T14:29:43Z" duration-ms="5439" status="PASS">
          <reporter-output>
          </reporter-output>
        </test-method> <!-- setup -->
        <test-method signature="crmLogoTest()[pri:2, instance:com.crm.qa.testcases.LoginPageTest@3f56875e]" started-at="2021-10-12T14:29:43Z" name="crmLogoTest" finished-at="2021-10-12T14:29:43Z" duration-ms="67" status="PASS">
          <reporter-output>
          </reporter-output>
        </test-method> <!-- crmLogoTest -->
        <test-method is-config="true" signature="tearDown()[pri:0, instance:com.crm.qa.testcases.LoginPageTest@3f56875e]" started-at="2021-10-12T14:29:43Z" name="tearDown" finished-at="2021-10-12T14:29:44Z" duration-ms="621" status="PASS">
          <reporter-output>
          </reporter-output>
        </test-method> <!-- tearDown -->
        <test-method is-config="true" signature="setup()[pri:0, instance:com.crm.qa.testcases.LoginPageTest@3f56875e]" started-at="2021-10-12T14:30:12Z" name="setup" finished-at="2021-10-12T14:30:17Z" duration-ms="5224" status="PASS">
          <reporter-output>
          </reporter-output>
        </test-method> <!-- setup -->
        <test-method signature="loginTest()[pri:3, instance:com.crm.qa.testcases.LoginPageTest@3f56875e]" started-at="2021-10-12T14:30:17Z" name="loginTest" finished-at="2021-10-12T14:30:22Z" duration-ms="5485" status="PASS">
          <reporter-output>
          </reporter-output>
        </test-method> <!-- loginTest -->
        <test-method is-config="true" signature="tearDown()[pri:0, instance:com.crm.qa.testcases.LoginPageTest@3f56875e]" started-at="2021-10-12T14:30:22Z" name="tearDown" finished-at="2021-10-12T14:30:23Z" duration-ms="613" status="PASS">
          <reporter-output>
          </reporter-output>
        </test-method> <!-- tearDown -->
      </class> <!-- com.crm.qa.testcases.LoginPageTest -->
    </test> <!-- Free CRM App Test Cases -->
  </suite> <!-- FREE CRM Application Test Automation suite -->
</testng-results>
